<?xml version="1.0" encoding="UTF-8"?>
<testng-results skipped="0" failed="0" ignored="0" total="1" passed="1">
  <reporter-output>
  </reporter-output>
  <suite name="Default suite" duration-ms="63" started-at="2020-07-21T13:57:23 CEST" finished-at="2020-07-21T13:57:23 CEST">
    <groups>
    </groups>
    <test name="Default test" duration-ms="63" started-at="2020-07-21T13:57:23 CEST" finished-at="2020-07-21T13:57:23 CEST">
      <class name="maven.firstproject.AppTest">
        <test-method status="PASS" signature="Test()[pri:0, instance:maven.firstproject.AppTest@6ebc05a6]" name="Test" duration-ms="16" started-at="2020-07-21T13:57:23 CEST" finished-at="2020-07-21T13:57:23 CEST">
          <reporter-output>
          </reporter-output>
        </test-method> <!-- Test -->
      </class> <!-- maven.firstproject.AppTest -->
    </test> <!-- Default test -->
  </suite> <!-- Default suite -->
</testng-results>
